<?xml version="1.0" encoding="utf-8"?>
<coverage line-rate="1" branch-rate="1" version="1.9" timestamp="1688128971" lines-covered="14" lines-valid="14" branches-covered="8" branches-valid="8">
  <sources>
    <source>/</source>
  </sources>
  <packages>
    <package name="spacebattle" line-rate="1" branch-rate="1" complexity="8">
      <classes>
        <class name="SpaceBattleLib.SpaceBattle" filename="home/ubuntu/OmSTU-AMCS-SummerPractice2023-5/spacebattle/SpaceBattleLib/spacebattle.cs" line-rate="1" branch-rate="1" complexity="8">
          <methods>
            <method name="Move" signature="(System.Double[],System.Double[])" line-rate="1" branch-rate="1" complexity="8">
              <lines>
                <line number="6" hits="4" branch="False" />
                <line number="8" hits="4" branch="True" condition-coverage="100% (8/8)">
                  <conditions>
                    <condition number="9" type="jump" coverage="100%" />
                    <condition number="19" type="jump" coverage="100%" />
                    <condition number="29" type="jump" coverage="100%" />
                    <condition number="44" type="jump" coverage="100%" />
                  </conditions>
                </line>
                <line number="9" hits="4" branch="False" />
                <line number="10" hits="4" branch="False" />
                <line number="11" hits="4" branch="False" />
                <line number="12" hits="4" branch="False" />
                <line number="13" hits="3" branch="False" />
                <line number="15" hits="1" branch="False" />
                <line number="16" hits="1" branch="False" />
                <line number="17" hits="1" branch="False" />
                <line number="18" hits="1" branch="False" />
                <line number="19" hits="1" branch="False" />
                <line number="20" hits="1" branch="False" />
                <line number="21" hits="1" branch="False" />
              </lines>
            </method>
          </methods>
          <lines>
            <line number="6" hits="4" branch="False" />
            <line number="8" hits="4" branch="True" condition-coverage="100% (8/8)">
              <conditions>
                <condition number="9" type="jump" coverage="100%" />
                <condition number="19" type="jump" coverage="100%" />
                <condition number="29" type="jump" coverage="100%" />
                <condition number="44" type="jump" coverage="100%" />
              </conditions>
            </line>
            <line number="9" hits="4" branch="False" />
            <line number="10" hits="4" branch="False" />
            <line number="11" hits="4" branch="False" />
            <line number="12" hits="4" branch="False" />
            <line number="13" hits="3" branch="False" />
            <line number="15" hits="1" branch="False" />
            <line number="16" hits="1" branch="False" />
            <line number="17" hits="1" branch="False" />
            <line number="18" hits="1" branch="False" />
            <line number="19" hits="1" branch="False" />
            <line number="20" hits="1" branch="False" />
            <line number="21" hits="1" branch="False" />
          </lines>
        </class>
      </classes>
    </package>
  </packages>
</coverage>